Build started 2/12/2015 2:28:20 PM.
     1>Project "C:\Users\amila\Downloads\sba-1.6\build\demo\eucsbademo.vcxproj" on node 2 (Build target(s)).
     1>Link:
         C:\Program Files (x86)\Microsoft Visual Studio 11.0\VC\bin\x86_amd64\link.exe /ERRORREPORT:PROMPT /OUT:"C:\Users\amila\Downloads\sba-1.6\build\demo\Debug\eucsbademo.exe" /INCREMENTAL /NOLOGO /LIBPATH:.. /LIBPATH:../Debug /LIBPATH:C:/sbaDependencies /LIBPATH:C:/sbaDependencies/Debug /LIBPATH:"C:/Users/amila/Downloads/sba-1.6/build/Debug" /LIBPATH:"C:/Users/amila/Downloads/sba-1.6/build/Debug/Debug" kernel32.lib user32.lib gdi32.lib winspool.lib shell32.lib ole32.lib oleaut32.lib uuid.lib comdlg32.lib advapi32.lib ..\Debug\sba.lib clapackd.lib BLASd.lib libf2cd.lib /NODEFAULTLIB:LIBCMTD.lib /MANIFEST /MANIFESTUAC:"level='asInvoker' uiAccess='false'" /manifest:embed /DEBUG /PDB:"C:/Users/amila/Downloads/sba-1.6/build/demo/Debug/eucsbademo.pdb" /SUBSYSTEM:CONSOLE /TLBID:1 /DYNAMICBASE /NXCOMPAT /IMPLIB:"C:/Users/amila/Downloads/sba-1.6/build/demo/Debug/eucsbademo.lib" /MACHINE:X64  /machine:x64 /debug eucsbademo.dir\Debug\eucsbademo.obj
         eucsbademo.dir\Debug\imgproj.obj
         eucsbademo.dir\Debug\readparams.obj
     1>clapackd.lib(dbdsdc1.obj) : warning LNK4099: PDB 'vc80.pdb' was not found with 'clapackd.lib(dbdsdc1.obj)' or at 'C:\Users\amila\Downloads\sba-1.6\build\demo\Debug\vc80.pdb'; linking object as if no debug info
     1>clapackd.lib(dbdsqr1.obj) : warning LNK4099: PDB 'vc80.pdb' was not found with 'clapackd.lib(dbdsqr1.obj)' or at 'C:\Users\amila\Downloads\sba-1.6\build\demo\Debug\vc80.pdb'; linking object as if no debug info
     1>clapackd.lib(dgebd21.obj) : warning LNK4099: PDB 'vc80.pdb' was not found with 'clapackd.lib(dgebd21.obj)' or at 'C:\Users\amila\Downloads\sba-1.6\build\demo\Debug\vc80.pdb'; linking object as if no debug info
     1>clapackd.lib(dgebrd1.obj) : warning LNK4099: PDB 'vc80.pdb' was not found with 'clapackd.lib(dgebrd1.obj)' or at 'C:\Users\amila\Downloads\sba-1.6\build\demo\Debug\vc80.pdb'; linking object as if no debug info
     1>clapackd.lib(dgelq21.obj) : warning LNK4099: PDB 'vc80.pdb' was not found with 'clapackd.lib(dgelq21.obj)' or at 'C:\Users\amila\Downloads\sba-1.6\build\demo\Debug\vc80.pdb'; linking object as if no debug info
     1>clapackd.lib(dgelqf1.obj) : warning LNK4099: PDB 'vc80.pdb' was not found with 'clapackd.lib(dgelqf1.obj)' or at 'C:\Users\amila\Downloads\sba-1.6\build\demo\Debug\vc80.pdb'; linking object as if no debug info
     1>clapackd.lib(dgeqr21.obj) : warning LNK4099: PDB 'vc80.pdb' was not found with 'clapackd.lib(dgeqr21.obj)' or at 'C:\Users\amila\Downloads\sba-1.6\build\demo\Debug\vc80.pdb'; linking object as if no debug info
     1>clapackd.lib(dgeqrf1.obj) : warning LNK4099: PDB 'vc80.pdb' was not found with 'clapackd.lib(dgeqrf1.obj)' or at 'C:\Users\amila\Downloads\sba-1.6\build\demo\Debug\vc80.pdb'; linking object as if no debug info
     1>clapackd.lib(dgesdd1.obj) : warning LNK4099: PDB 'vc80.pdb' was not found with 'clapackd.lib(dgesdd1.obj)' or at 'C:\Users\amila\Downloads\sba-1.6\build\demo\Debug\vc80.pdb'; linking object as if no debug info
     1>clapackd.lib(dgetf21.obj) : warning LNK4099: PDB 'vc80.pdb' was not found with 'clapackd.lib(dgetf21.obj)' or at 'C:\Users\amila\Downloads\sba-1.6\build\demo\Debug\vc80.pdb'; linking object as if no debug info
     1>clapackd.lib(dgetrf1.obj) : warning LNK4099: PDB 'vc80.pdb' was not found with 'clapackd.lib(dgetrf1.obj)' or at 'C:\Users\amila\Downloads\sba-1.6\build\demo\Debug\vc80.pdb'; linking object as if no debug info
     1>clapackd.lib(dgetri1.obj) : warning LNK4099: PDB 'vc80.pdb' was not found with 'clapackd.lib(dgetri1.obj)' or at 'C:\Users\amila\Downloads\sba-1.6\build\demo\Debug\vc80.pdb'; linking object as if no debug info
     1>clapackd.lib(dgetrs1.obj) : warning LNK4099: PDB 'vc80.pdb' was not found with 'clapackd.lib(dgetrs1.obj)' or at 'C:\Users\amila\Downloads\sba-1.6\build\demo\Debug\vc80.pdb'; linking object as if no debug info
     1>clapackd.lib(disnan1.obj) : warning LNK4099: PDB 'vc80.pdb' was not found with 'clapackd.lib(disnan1.obj)' or at 'C:\Users\amila\Downloads\sba-1.6\build\demo\Debug\vc80.pdb'; linking object as if no debug info
     1>clapackd.lib(dlabrd1.obj) : warning LNK4099: PDB 'vc80.pdb' was not found with 'clapackd.lib(dlabrd1.obj)' or at 'C:\Users\amila\Downloads\sba-1.6\build\demo\Debug\vc80.pdb'; linking object as if no debug info
     1>clapackd.lib(dlacpy1.obj) : warning LNK4099: PDB 'vc80.pdb' was not found with 'clapackd.lib(dlacpy1.obj)' or at 'C:\Users\amila\Downloads\sba-1.6\build\demo\Debug\vc80.pdb'; linking object as if no debug info
     1>clapackd.lib(dlaed61.obj) : warning LNK4099: PDB 'vc80.pdb' was not found with 'clapackd.lib(dlaed61.obj)' or at 'C:\Users\amila\Downloads\sba-1.6\build\demo\Debug\vc80.pdb'; linking object as if no debug info
     1>clapackd.lib(dlaisnan1.obj) : warning LNK4099: PDB 'vc80.pdb' was not found with 'clapackd.lib(dlaisnan1.obj)' or at 'C:\Users\amila\Downloads\sba-1.6\build\demo\Debug\vc80.pdb'; linking object as if no debug info
     1>clapackd.lib(dlamrg1.obj) : warning LNK4099: PDB 'vc80.pdb' was not found with 'clapackd.lib(dlamrg1.obj)' or at 'C:\Users\amila\Downloads\sba-1.6\build\demo\Debug\vc80.pdb'; linking object as if no debug info
     1>clapackd.lib(dlange1.obj) : warning LNK4099: PDB 'vc80.pdb' was not found with 'clapackd.lib(dlange1.obj)' or at 'C:\Users\amila\Downloads\sba-1.6\build\demo\Debug\vc80.pdb'; linking object as if no debug info
     1>clapackd.lib(dlanst1.obj) : warning LNK4099: PDB 'vc80.pdb' was not found with 'clapackd.lib(dlanst1.obj)' or at 'C:\Users\amila\Downloads\sba-1.6\build\demo\Debug\vc80.pdb'; linking object as if no debug info
     1>clapackd.lib(dlapy21.obj) : warning LNK4099: PDB 'vc80.pdb' was not found with 'clapackd.lib(dlapy21.obj)' or at 'C:\Users\amila\Downloads\sba-1.6\build\demo\Debug\vc80.pdb'; linking object as if no debug info
     1>clapackd.lib(dlarf1.obj) : warning LNK4099: PDB 'vc80.pdb' was not found with 'clapackd.lib(dlarf1.obj)' or at 'C:\Users\amila\Downloads\sba-1.6\build\demo\Debug\vc80.pdb'; linking object as if no debug info
     1>clapackd.lib(dlarfb1.obj) : warning LNK4099: PDB 'vc80.pdb' was not found with 'clapackd.lib(dlarfb1.obj)' or at 'C:\Users\amila\Downloads\sba-1.6\build\demo\Debug\vc80.pdb'; linking object as if no debug info
     1>clapackd.lib(dlarfg1.obj) : warning LNK4099: PDB 'vc80.pdb' was not found with 'clapackd.lib(dlarfg1.obj)' or at 'C:\Users\amila\Downloads\sba-1.6\build\demo\Debug\vc80.pdb'; linking object as if no debug info
     1>clapackd.lib(dlarft1.obj) : warning LNK4099: PDB 'vc80.pdb' was not found with 'clapackd.lib(dlarft1.obj)' or at 'C:\Users\amila\Downloads\sba-1.6\build\demo\Debug\vc80.pdb'; linking object as if no debug info
     1>clapackd.lib(dlartg1.obj) : warning LNK4099: PDB 'vc80.pdb' was not found with 'clapackd.lib(dlartg1.obj)' or at 'C:\Users\amila\Downloads\sba-1.6\build\demo\Debug\vc80.pdb'; linking object as if no debug info
     1>clapackd.lib(dlas21.obj) : warning LNK4099: PDB 'vc80.pdb' was not found with 'clapackd.lib(dlas21.obj)' or at 'C:\Users\amila\Downloads\sba-1.6\build\demo\Debug\vc80.pdb'; linking object as if no debug info
     1>clapackd.lib(dlascl1.obj) : warning LNK4099: PDB 'vc80.pdb' was not found with 'clapackd.lib(dlascl1.obj)' or at 'C:\Users\amila\Downloads\sba-1.6\build\demo\Debug\vc80.pdb'; linking object as if no debug info
     1>clapackd.lib(dlasd01.obj) : warning LNK4099: PDB 'vc80.pdb' was not found with 'clapackd.lib(dlasd01.obj)' or at 'C:\Users\amila\Downloads\sba-1.6\build\demo\Debug\vc80.pdb'; linking object as if no debug info
     1>clapackd.lib(dlasd11.obj) : warning LNK4099: PDB 'vc80.pdb' was not found with 'clapackd.lib(dlasd11.obj)' or at 'C:\Users\amila\Downloads\sba-1.6\build\demo\Debug\vc80.pdb'; linking object as if no debug info
     1>clapackd.lib(dlasd21.obj) : warning LNK4099: PDB 'vc80.pdb' was not found with 'clapackd.lib(dlasd21.obj)' or at 'C:\Users\amila\Downloads\sba-1.6\build\demo\Debug\vc80.pdb'; linking object as if no debug info
     1>clapackd.lib(dlasd31.obj) : warning LNK4099: PDB 'vc80.pdb' was not found with 'clapackd.lib(dlasd31.obj)' or at 'C:\Users\amila\Downloads\sba-1.6\build\demo\Debug\vc80.pdb'; linking object as if no debug info
     1>clapackd.lib(dlasd41.obj) : warning LNK4099: PDB 'vc80.pdb' was not found with 'clapackd.lib(dlasd41.obj)' or at 'C:\Users\amila\Downloads\sba-1.6\build\demo\Debug\vc80.pdb'; linking object as if no debug info
     1>clapackd.lib(dlasd51.obj) : warning LNK4099: PDB 'vc80.pdb' was not found with 'clapackd.lib(dlasd51.obj)' or at 'C:\Users\amila\Downloads\sba-1.6\build\demo\Debug\vc80.pdb'; linking object as if no debug info
     1>clapackd.lib(dlasd61.obj) : warning LNK4099: PDB 'vc80.pdb' was not found with 'clapackd.lib(dlasd61.obj)' or at 'C:\Users\amila\Downloads\sba-1.6\build\demo\Debug\vc80.pdb'; linking object as if no debug info
     1>clapackd.lib(dlasd71.obj) : warning LNK4099: PDB 'vc80.pdb' was not found with 'clapackd.lib(dlasd71.obj)' or at 'C:\Users\amila\Downloads\sba-1.6\build\demo\Debug\vc80.pdb'; linking object as if no debug info
     1>clapackd.lib(dlasd81.obj) : warning LNK4099: PDB 'vc80.pdb' was not found with 'clapackd.lib(dlasd81.obj)' or at 'C:\Users\amila\Downloads\sba-1.6\build\demo\Debug\vc80.pdb'; linking object as if no debug info
     1>clapackd.lib(dlasda1.obj) : warning LNK4099: PDB 'vc80.pdb' was not found with 'clapackd.lib(dlasda1.obj)' or at 'C:\Users\amila\Downloads\sba-1.6\build\demo\Debug\vc80.pdb'; linking object as if no debug info
     1>clapackd.lib(dlasdq1.obj) : warning LNK4099: PDB 'vc80.pdb' was not found with 'clapackd.lib(dlasdq1.obj)' or at 'C:\Users\amila\Downloads\sba-1.6\build\demo\Debug\vc80.pdb'; linking object as if no debug info
     1>clapackd.lib(dlasdt1.obj) : warning LNK4099: PDB 'vc80.pdb' was not found with 'clapackd.lib(dlasdt1.obj)' or at 'C:\Users\amila\Downloads\sba-1.6\build\demo\Debug\vc80.pdb'; linking object as if no debug info
     1>clapackd.lib(dlaset1.obj) : warning LNK4099: PDB 'vc80.pdb' was not found with 'clapackd.lib(dlaset1.obj)' or at 'C:\Users\amila\Downloads\sba-1.6\build\demo\Debug\vc80.pdb'; linking object as if no debug info
     1>clapackd.lib(dlasq11.obj) : warning LNK4099: PDB 'vc80.pdb' was not found with 'clapackd.lib(dlasq11.obj)' or at 'C:\Users\amila\Downloads\sba-1.6\build\demo\Debug\vc80.pdb'; linking object as if no debug info
     1>clapackd.lib(dlasq21.obj) : warning LNK4099: PDB 'vc80.pdb' was not found with 'clapackd.lib(dlasq21.obj)' or at 'C:\Users\amila\Downloads\sba-1.6\build\demo\Debug\vc80.pdb'; linking object as if no debug info
     1>clapackd.lib(dlasq51.obj) : warning LNK4099: PDB 'vc80.pdb' was not found with 'clapackd.lib(dlasq51.obj)' or at 'C:\Users\amila\Downloads\sba-1.6\build\demo\Debug\vc80.pdb'; linking object as if no debug info
     1>clapackd.lib(dlasq61.obj) : warning LNK4099: PDB 'vc80.pdb' was not found with 'clapackd.lib(dlasq61.obj)' or at 'C:\Users\amila\Downloads\sba-1.6\build\demo\Debug\vc80.pdb'; linking object as if no debug info
     1>clapackd.lib(dlasr1.obj) : warning LNK4099: PDB 'vc80.pdb' was not found with 'clapackd.lib(dlasr1.obj)' or at 'C:\Users\amila\Downloads\sba-1.6\build\demo\Debug\vc80.pdb'; linking object as if no debug info
     1>clapackd.lib(dlasrt1.obj) : warning LNK4099: PDB 'vc80.pdb' was not found with 'clapackd.lib(dlasrt1.obj)' or at 'C:\Users\amila\Downloads\sba-1.6\build\demo\Debug\vc80.pdb'; linking object as if no debug info
     1>clapackd.lib(dlassq1.obj) : warning LNK4099: PDB 'vc80.pdb' was not found with 'clapackd.lib(dlassq1.obj)' or at 'C:\Users\amila\Downloads\sba-1.6\build\demo\Debug\vc80.pdb'; linking object as if no debug info
     1>clapackd.lib(dlasv21.obj) : warning LNK4099: PDB 'vc80.pdb' was not found with 'clapackd.lib(dlasv21.obj)' or at 'C:\Users\amila\Downloads\sba-1.6\build\demo\Debug\vc80.pdb'; linking object as if no debug info
     1>clapackd.lib(dlaswp1.obj) : warning LNK4099: PDB 'vc80.pdb' was not found with 'clapackd.lib(dlaswp1.obj)' or at 'C:\Users\amila\Downloads\sba-1.6\build\demo\Debug\vc80.pdb'; linking object as if no debug info
     1>clapackd.lib(dlasyf1.obj) : warning LNK4099: PDB 'vc80.pdb' was not found with 'clapackd.lib(dlasyf1.obj)' or at 'C:\Users\amila\Downloads\sba-1.6\build\demo\Debug\vc80.pdb'; linking object as if no debug info
     1>clapackd.lib(dlauu21.obj) : warning LNK4099: PDB 'vc80.pdb' was not found with 'clapackd.lib(dlauu21.obj)' or at 'C:\Users\amila\Downloads\sba-1.6\build\demo\Debug\vc80.pdb'; linking object as if no debug info
     1>clapackd.lib(dlauum1.obj) : warning LNK4099: PDB 'vc80.pdb' was not found with 'clapackd.lib(dlauum1.obj)' or at 'C:\Users\amila\Downloads\sba-1.6\build\demo\Debug\vc80.pdb'; linking object as if no debug info
     1>clapackd.lib(dlazq31.obj) : warning LNK4099: PDB 'vc80.pdb' was not found with 'clapackd.lib(dlazq31.obj)' or at 'C:\Users\amila\Downloads\sba-1.6\build\demo\Debug\vc80.pdb'; linking object as if no debug info
     1>clapackd.lib(dlazq41.obj) : warning LNK4099: PDB 'vc80.pdb' was not found with 'clapackd.lib(dlazq41.obj)' or at 'C:\Users\amila\Downloads\sba-1.6\build\demo\Debug\vc80.pdb'; linking object as if no debug info
     1>clapackd.lib(dorg2r1.obj) : warning LNK4099: PDB 'vc80.pdb' was not found with 'clapackd.lib(dorg2r1.obj)' or at 'C:\Users\amila\Downloads\sba-1.6\build\demo\Debug\vc80.pdb'; linking object as if no debug info
     1>clapackd.lib(dorgbr1.obj) : warning LNK4099: PDB 'vc80.pdb' was not found with 'clapackd.lib(dorgbr1.obj)' or at 'C:\Users\amila\Downloads\sba-1.6\build\demo\Debug\vc80.pdb'; linking object as if no debug info
     1>clapackd.lib(dorgl21.obj) : warning LNK4099: PDB 'vc80.pdb' was not found with 'clapackd.lib(dorgl21.obj)' or at 'C:\Users\amila\Downloads\sba-1.6\build\demo\Debug\vc80.pdb'; linking object as if no debug info
     1>clapackd.lib(dorglq1.obj) : warning LNK4099: PDB 'vc80.pdb' was not found with 'clapackd.lib(dorglq1.obj)' or at 'C:\Users\amila\Downloads\sba-1.6\build\demo\Debug\vc80.pdb'; linking object as if no debug info
     1>clapackd.lib(dorgqr1.obj) : warning LNK4099: PDB 'vc80.pdb' was not found with 'clapackd.lib(dorgqr1.obj)' or at 'C:\Users\amila\Downloads\sba-1.6\build\demo\Debug\vc80.pdb'; linking object as if no debug info
     1>clapackd.lib(dorm2r1.obj) : warning LNK4099: PDB 'vc80.pdb' was not found with 'clapackd.lib(dorm2r1.obj)' or at 'C:\Users\amila\Downloads\sba-1.6\build\demo\Debug\vc80.pdb'; linking object as if no debug info
     1>clapackd.lib(dormbr1.obj) : warning LNK4099: PDB 'vc80.pdb' was not found with 'clapackd.lib(dormbr1.obj)' or at 'C:\Users\amila\Downloads\sba-1.6\build\demo\Debug\vc80.pdb'; linking object as if no debug info
     1>clapackd.lib(dorml21.obj) : warning LNK4099: PDB 'vc80.pdb' was not found with 'clapackd.lib(dorml21.obj)' or at 'C:\Users\amila\Downloads\sba-1.6\build\demo\Debug\vc80.pdb'; linking object as if no debug info
     1>clapackd.lib(dormlq1.obj) : warning LNK4099: PDB 'vc80.pdb' was not found with 'clapackd.lib(dormlq1.obj)' or at 'C:\Users\amila\Downloads\sba-1.6\build\demo\Debug\vc80.pdb'; linking object as if no debug info
     1>clapackd.lib(dormqr1.obj) : warning LNK4099: PDB 'vc80.pdb' was not found with 'clapackd.lib(dormqr1.obj)' or at 'C:\Users\amila\Downloads\sba-1.6\build\demo\Debug\vc80.pdb'; linking object as if no debug info
     1>clapackd.lib(dpotf21.obj) : warning LNK4099: PDB 'vc80.pdb' was not found with 'clapackd.lib(dpotf21.obj)' or at 'C:\Users\amila\Downloads\sba-1.6\build\demo\Debug\vc80.pdb'; linking object as if no debug info
     1>clapackd.lib(dpotrf1.obj) : warning LNK4099: PDB 'vc80.pdb' was not found with 'clapackd.lib(dpotrf1.obj)' or at 'C:\Users\amila\Downloads\sba-1.6\build\demo\Debug\vc80.pdb'; linking object as if no debug info
     1>clapackd.lib(dpotri1.obj) : warning LNK4099: PDB 'vc80.pdb' was not found with 'clapackd.lib(dpotri1.obj)' or at 'C:\Users\amila\Downloads\sba-1.6\build\demo\Debug\vc80.pdb'; linking object as if no debug info
     1>clapackd.lib(dpotrs1.obj) : warning LNK4099: PDB 'vc80.pdb' was not found with 'clapackd.lib(dpotrs1.obj)' or at 'C:\Users\amila\Downloads\sba-1.6\build\demo\Debug\vc80.pdb'; linking object as if no debug info
     1>clapackd.lib(dsytf21.obj) : warning LNK4099: PDB 'vc80.pdb' was not found with 'clapackd.lib(dsytf21.obj)' or at 'C:\Users\amila\Downloads\sba-1.6\build\demo\Debug\vc80.pdb'; linking object as if no debug info
     1>clapackd.lib(dsytrf1.obj) : warning LNK4099: PDB 'vc80.pdb' was not found with 'clapackd.lib(dsytrf1.obj)' or at 'C:\Users\amila\Downloads\sba-1.6\build\demo\Debug\vc80.pdb'; linking object as if no debug info
     1>clapackd.lib(dsytri1.obj) : warning LNK4099: PDB 'vc80.pdb' was not found with 'clapackd.lib(dsytri1.obj)' or at 'C:\Users\amila\Downloads\sba-1.6\build\demo\Debug\vc80.pdb'; linking object as if no debug info
     1>clapackd.lib(dsytrs1.obj) : warning LNK4099: PDB 'vc80.pdb' was not found with 'clapackd.lib(dsytrs1.obj)' or at 'C:\Users\amila\Downloads\sba-1.6\build\demo\Debug\vc80.pdb'; linking object as if no debug info
     1>clapackd.lib(dtrti21.obj) : warning LNK4099: PDB 'vc80.pdb' was not found with 'clapackd.lib(dtrti21.obj)' or at 'C:\Users\amila\Downloads\sba-1.6\build\demo\Debug\vc80.pdb'; linking object as if no debug info
     1>clapackd.lib(dtrtri1.obj) : warning LNK4099: PDB 'vc80.pdb' was not found with 'clapackd.lib(dtrtri1.obj)' or at 'C:\Users\amila\Downloads\sba-1.6\build\demo\Debug\vc80.pdb'; linking object as if no debug info
     1>clapackd.lib(dtrtrs1.obj) : warning LNK4099: PDB 'vc80.pdb' was not found with 'clapackd.lib(dtrtrs1.obj)' or at 'C:\Users\amila\Downloads\sba-1.6\build\demo\Debug\vc80.pdb'; linking object as if no debug info
     1>clapackd.lib(ieeeck1.obj) : warning LNK4099: PDB 'vc80.pdb' was not found with 'clapackd.lib(ieeeck1.obj)' or at 'C:\Users\amila\Downloads\sba-1.6\build\demo\Debug\vc80.pdb'; linking object as if no debug info
     1>clapackd.lib(ilaenv1.obj) : warning LNK4099: PDB 'vc80.pdb' was not found with 'clapackd.lib(ilaenv1.obj)' or at 'C:\Users\amila\Downloads\sba-1.6\build\demo\Debug\vc80.pdb'; linking object as if no debug info
     1>clapackd.lib(iparmq1.obj) : warning LNK4099: PDB 'vc80.pdb' was not found with 'clapackd.lib(iparmq1.obj)' or at 'C:\Users\amila\Downloads\sba-1.6\build\demo\Debug\vc80.pdb'; linking object as if no debug info
     1>clapackd.lib(lsame1.obj) : warning LNK4099: PDB 'vc80.pdb' was not found with 'clapackd.lib(lsame1.obj)' or at 'C:\Users\amila\Downloads\sba-1.6\build\demo\Debug\vc80.pdb'; linking object as if no debug info
     1>clapackd.lib(xerbla1.obj) : warning LNK4099: PDB 'vc80.pdb' was not found with 'clapackd.lib(xerbla1.obj)' or at 'C:\Users\amila\Downloads\sba-1.6\build\demo\Debug\vc80.pdb'; linking object as if no debug info
     1>clapackd.lib(dlamch.obj) : warning LNK4099: PDB 'vc80.pdb' was not found with 'clapackd.lib(dlamch.obj)' or at 'C:\Users\amila\Downloads\sba-1.6\build\demo\Debug\vc80.pdb'; linking object as if no debug info
     1>BLASd.lib(dcopy.obj) : warning LNK4099: PDB 'vc80.pdb' was not found with 'BLASd.lib(dcopy.obj)' or at 'C:\Users\amila\Downloads\sba-1.6\build\demo\Debug\vc80.pdb'; linking object as if no debug info
     1>BLASd.lib(ddot.obj) : warning LNK4099: PDB 'vc80.pdb' was not found with 'BLASd.lib(ddot.obj)' or at 'C:\Users\amila\Downloads\sba-1.6\build\demo\Debug\vc80.pdb'; linking object as if no debug info
     1>BLASd.lib(dgemm.obj) : warning LNK4099: PDB 'vc80.pdb' was not found with 'BLASd.lib(dgemm.obj)' or at 'C:\Users\amila\Downloads\sba-1.6\build\demo\Debug\vc80.pdb'; linking object as if no debug info
     1>BLASd.lib(dgemv.obj) : warning LNK4099: PDB 'vc80.pdb' was not found with 'BLASd.lib(dgemv.obj)' or at 'C:\Users\amila\Downloads\sba-1.6\build\demo\Debug\vc80.pdb'; linking object as if no debug info
     1>BLASd.lib(dger.obj) : warning LNK4099: PDB 'vc80.pdb' was not found with 'BLASd.lib(dger.obj)' or at 'C:\Users\amila\Downloads\sba-1.6\build\demo\Debug\vc80.pdb'; linking object as if no debug info
     1>BLASd.lib(dnrm2.obj) : warning LNK4099: PDB 'vc80.pdb' was not found with 'BLASd.lib(dnrm2.obj)' or at 'C:\Users\amila\Downloads\sba-1.6\build\demo\Debug\vc80.pdb'; linking object as if no debug info
     1>BLASd.lib(drot.obj) : warning LNK4099: PDB 'vc80.pdb' was not found with 'BLASd.lib(drot.obj)' or at 'C:\Users\amila\Downloads\sba-1.6\build\demo\Debug\vc80.pdb'; linking object as if no debug info
     1>BLASd.lib(dscal.obj) : warning LNK4099: PDB 'vc80.pdb' was not found with 'BLASd.lib(dscal.obj)' or at 'C:\Users\amila\Downloads\sba-1.6\build\demo\Debug\vc80.pdb'; linking object as if no debug info
     1>BLASd.lib(dswap.obj) : warning LNK4099: PDB 'vc80.pdb' was not found with 'BLASd.lib(dswap.obj)' or at 'C:\Users\amila\Downloads\sba-1.6\build\demo\Debug\vc80.pdb'; linking object as if no debug info
     1>BLASd.lib(dsymv.obj) : warning LNK4099: PDB 'vc80.pdb' was not found with 'BLASd.lib(dsymv.obj)' or at 'C:\Users\amila\Downloads\sba-1.6\build\demo\Debug\vc80.pdb'; linking object as if no debug info
     1>BLASd.lib(dsyr.obj) : warning LNK4099: PDB 'vc80.pdb' was not found with 'BLASd.lib(dsyr.obj)' or at 'C:\Users\amila\Downloads\sba-1.6\build\demo\Debug\vc80.pdb'; linking object as if no debug info
     1>BLASd.lib(dsyrk.obj) : warning LNK4099: PDB 'vc80.pdb' was not found with 'BLASd.lib(dsyrk.obj)' or at 'C:\Users\amila\Downloads\sba-1.6\build\demo\Debug\vc80.pdb'; linking object as if no debug info
     1>BLASd.lib(dtrmm.obj) : warning LNK4099: PDB 'vc80.pdb' was not found with 'BLASd.lib(dtrmm.obj)' or at 'C:\Users\amila\Downloads\sba-1.6\build\demo\Debug\vc80.pdb'; linking object as if no debug info
     1>BLASd.lib(dtrmv.obj) : warning LNK4099: PDB 'vc80.pdb' was not found with 'BLASd.lib(dtrmv.obj)' or at 'C:\Users\amila\Downloads\sba-1.6\build\demo\Debug\vc80.pdb'; linking object as if no debug info
     1>BLASd.lib(dtrsm.obj) : warning LNK4099: PDB 'vc80.pdb' was not found with 'BLASd.lib(dtrsm.obj)' or at 'C:\Users\amila\Downloads\sba-1.6\build\demo\Debug\vc80.pdb'; linking object as if no debug info
     1>BLASd.lib(idamax.obj) : warning LNK4099: PDB 'vc80.pdb' was not found with 'BLASd.lib(idamax.obj)' or at 'C:\Users\amila\Downloads\sba-1.6\build\demo\Debug\vc80.pdb'; linking object as if no debug info
     1>libf2cd.lib(close1.obj) : warning LNK4099: PDB 'debug without wrap.pdb' was not found with 'libf2cd.lib(close1.obj)' or at 'C:\Users\amila\Downloads\sba-1.6\build\demo\Debug\debug without wrap.pdb'; linking object as if no debug info
     1>libf2cd.lib(d_sign1.obj) : warning LNK4099: PDB 'debug without wrap.pdb' was not found with 'libf2cd.lib(d_sign1.obj)' or at 'C:\Users\amila\Downloads\sba-1.6\build\demo\Debug\debug without wrap.pdb'; linking object as if no debug info
     1>libf2cd.lib(endfile1.obj) : warning LNK4099: PDB 'debug without wrap.pdb' was not found with 'libf2cd.lib(endfile1.obj)' or at 'C:\Users\amila\Downloads\sba-1.6\build\demo\Debug\debug without wrap.pdb'; linking object as if no debug info
     1>libf2cd.lib(err1.obj) : warning LNK4099: PDB 'debug without wrap.pdb' was not found with 'libf2cd.lib(err1.obj)' or at 'C:\Users\amila\Downloads\sba-1.6\build\demo\Debug\debug without wrap.pdb'; linking object as if no debug info
     1>libf2cd.lib(exit_1.obj) : warning LNK4099: PDB 'debug without wrap.pdb' was not found with 'libf2cd.lib(exit_1.obj)' or at 'C:\Users\amila\Downloads\sba-1.6\build\demo\Debug\debug without wrap.pdb'; linking object as if no debug info
     1>libf2cd.lib(f77_aloc1.obj) : warning LNK4099: PDB 'debug without wrap.pdb' was not found with 'libf2cd.lib(f77_aloc1.obj)' or at 'C:\Users\amila\Downloads\sba-1.6\build\demo\Debug\debug without wrap.pdb'; linking object as if no debug info
     1>libf2cd.lib(fmt1.obj) : warning LNK4099: PDB 'debug without wrap.pdb' was not found with 'libf2cd.lib(fmt1.obj)' or at 'C:\Users\amila\Downloads\sba-1.6\build\demo\Debug\debug without wrap.pdb'; linking object as if no debug info
     1>libf2cd.lib(fmtlib1.obj) : warning LNK4099: PDB 'debug without wrap.pdb' was not found with 'libf2cd.lib(fmtlib1.obj)' or at 'C:\Users\amila\Downloads\sba-1.6\build\demo\Debug\debug without wrap.pdb'; linking object as if no debug info
     1>libf2cd.lib(i_nint1.obj) : warning LNK4099: PDB 'debug without wrap.pdb' was not found with 'libf2cd.lib(i_nint1.obj)' or at 'C:\Users\amila\Downloads\sba-1.6\build\demo\Debug\debug without wrap.pdb'; linking object as if no debug info
     1>libf2cd.lib(open1.obj) : warning LNK4099: PDB 'debug without wrap.pdb' was not found with 'libf2cd.lib(open1.obj)' or at 'C:\Users\amila\Downloads\sba-1.6\build\demo\Debug\debug without wrap.pdb'; linking object as if no debug info
     1>libf2cd.lib(pow_dd1.obj) : warning LNK4099: PDB 'debug without wrap.pdb' was not found with 'libf2cd.lib(pow_dd1.obj)' or at 'C:\Users\amila\Downloads\sba-1.6\build\demo\Debug\debug without wrap.pdb'; linking object as if no debug info
     1>libf2cd.lib(pow_di1.obj) : warning LNK4099: PDB 'debug without wrap.pdb' was not found with 'libf2cd.lib(pow_di1.obj)' or at 'C:\Users\amila\Downloads\sba-1.6\build\demo\Debug\debug without wrap.pdb'; linking object as if no debug info
     1>libf2cd.lib(pow_ii1.obj) : warning LNK4099: PDB 'debug without wrap.pdb' was not found with 'libf2cd.lib(pow_ii1.obj)' or at 'C:\Users\amila\Downloads\sba-1.6\build\demo\Debug\debug without wrap.pdb'; linking object as if no debug info
     1>libf2cd.lib(s_cat1.obj) : warning LNK4099: PDB 'debug without wrap.pdb' was not found with 'libf2cd.lib(s_cat1.obj)' or at 'C:\Users\amila\Downloads\sba-1.6\build\demo\Debug\debug without wrap.pdb'; linking object as if no debug info
     1>libf2cd.lib(s_cmp1.obj) : warning LNK4099: PDB 'debug without wrap.pdb' was not found with 'libf2cd.lib(s_cmp1.obj)' or at 'C:\Users\amila\Downloads\sba-1.6\build\demo\Debug\debug without wrap.pdb'; linking object as if no debug info
     1>libf2cd.lib(s_copy1.obj) : warning LNK4099: PDB 'debug without wrap.pdb' was not found with 'libf2cd.lib(s_copy1.obj)' or at 'C:\Users\amila\Downloads\sba-1.6\build\demo\Debug\debug without wrap.pdb'; linking object as if no debug info
     1>libf2cd.lib(sfe1.obj) : warning LNK4099: PDB 'debug without wrap.pdb' was not found with 'libf2cd.lib(sfe1.obj)' or at 'C:\Users\amila\Downloads\sba-1.6\build\demo\Debug\debug without wrap.pdb'; linking object as if no debug info
     1>libf2cd.lib(sig_die1.obj) : warning LNK4099: PDB 'debug without wrap.pdb' was not found with 'libf2cd.lib(sig_die1.obj)' or at 'C:\Users\amila\Downloads\sba-1.6\build\demo\Debug\debug without wrap.pdb'; linking object as if no debug info
     1>libf2cd.lib(util1.obj) : warning LNK4099: PDB 'debug without wrap.pdb' was not found with 'libf2cd.lib(util1.obj)' or at 'C:\Users\amila\Downloads\sba-1.6\build\demo\Debug\debug without wrap.pdb'; linking object as if no debug info
     1>libf2cd.lib(wref1.obj) : warning LNK4099: PDB 'debug without wrap.pdb' was not found with 'libf2cd.lib(wref1.obj)' or at 'C:\Users\amila\Downloads\sba-1.6\build\demo\Debug\debug without wrap.pdb'; linking object as if no debug info
     1>libf2cd.lib(wrtfmt1.obj) : warning LNK4099: PDB 'debug without wrap.pdb' was not found with 'libf2cd.lib(wrtfmt1.obj)' or at 'C:\Users\amila\Downloads\sba-1.6\build\demo\Debug\debug without wrap.pdb'; linking object as if no debug info
     1>libf2cd.lib(wsfe1.obj) : warning LNK4099: PDB 'debug without wrap.pdb' was not found with 'libf2cd.lib(wsfe1.obj)' or at 'C:\Users\amila\Downloads\sba-1.6\build\demo\Debug\debug without wrap.pdb'; linking object as if no debug info
         eucsbademo.vcxproj -> C:\Users\amila\Downloads\sba-1.6\build\demo\Debug\eucsbademo.exe
     1>Done Building Project "C:\Users\amila\Downloads\sba-1.6\build\demo\eucsbademo.vcxproj" (Build target(s)).

Build succeeded.

Time Elapsed 00:00:00.55
