The system is: Windows - 6.2 - AMD64
Compiling the C compiler identification source file "CMakeCCompilerId.c" succeeded.
Compiler:  
Build flags: 
Id flags: 

The output was:
0
Microsoft (R) Build Engine version 4.0.30319.18408
[Microsoft .NET Framework, version 4.0.30319.18408]
Copyright (C) Microsoft Corporation. All rights reserved.

Build started 2/12/2015 2:17:46 PM.
Project "C:\Users\amila\Downloads\sba-1.6\build\CMakeFiles\3.0.0\CompilerIdC\CompilerIdC.vcxproj" on node 1 (default targets).
PrepareForBuild:
  Creating directory "Debug\".
InitializeBuildStatus:
  Creating "Debug\CompilerIdC.unsuccessfulbuild" because "AlwaysCreate" was specified.
ClCompile:
  C:\Program Files (x86)\Microsoft Visual Studio 11.0\VC\bin\x86_amd64\CL.exe /c /nologo /W0 /WX- /Od /D _MBCS /Gm- /EHsc /RTC1 /MDd /GS /fp:precise /Zc:wchar_t /Zc:forScope /Fo"Debug\\" /Fd"Debug\vc110.pdb" /Gd /TC /errorReport:queue CMakeCCompilerId.c
  CMakeCCompilerId.c
Link:
  C:\Program Files (x86)\Microsoft Visual Studio 11.0\VC\bin\x86_amd64\link.exe /ERRORREPORT:QUEUE /OUT:".\CompilerIdC.exe" /INCREMENTAL:NO /NOLOGO kernel32.lib user32.lib gdi32.lib winspool.lib comdlg32.lib advapi32.lib shell32.lib ole32.lib oleaut32.lib uuid.lib odbc32.lib odbccp32.lib /MANIFEST /MANIFESTUAC:"level='asInvoker' uiAccess='false'" /manifest:embed /PDB:".\CompilerIdC.pdb" /SUBSYSTEM:CONSOLE /TLBID:1 /DYNAMICBASE /NXCOMPAT /IMPLIB:".\CompilerIdC.lib" /MACHINE:X64 Debug\CMakeCCompilerId.obj
  CompilerIdC.vcxproj -> C:\Users\amila\Downloads\sba-1.6\build\CMakeFiles\3.0.0\CompilerIdC\.\CompilerIdC.exe
PostBuildEvent:
  for %%i in (cl.exe) do @echo CMAKE_C_COMPILER=%%~$PATH:i
  :VCEnd
  CMAKE_C_COMPILER=C:\Program Files (x86)\Microsoft Visual Studio 11.0\VC\bin\x86_amd64\cl.exe
FinalizeBuildStatus:
  Deleting file "Debug\CompilerIdC.unsuccessfulbuild".
  Touching "Debug\CompilerIdC.lastbuildstate".
Done Building Project "C:\Users\amila\Downloads\sba-1.6\build\CMakeFiles\3.0.0\CompilerIdC\CompilerIdC.vcxproj" (default targets).

Build succeeded.
    0 Warning(s)
    0 Error(s)

Time Elapsed 00:00:00.53


Compilation of the C compiler identification source "CMakeCCompilerId.c" produced "CompilerIdC.exe"

Compilation of the C compiler identification source "CMakeCCompilerId.c" produced "CompilerIdC.vcxproj"

The C compiler identification is MSVC, found in "C:/Users/amila/Downloads/sba-1.6/build/CMakeFiles/3.0.0/CompilerIdC/CompilerIdC.exe"

Compiling the CXX compiler identification source file "CMakeCXXCompilerId.cpp" succeeded.
Compiler:  
Build flags: 
Id flags: 

The output was:
0
Microsoft (R) Build Engine version 4.0.30319.18408
[Microsoft .NET Framework, version 4.0.30319.18408]
Copyright (C) Microsoft Corporation. All rights reserved.

Build started 2/12/2015 2:17:46 PM.
Project "C:\Users\amila\Downloads\sba-1.6\build\CMakeFiles\3.0.0\CompilerIdCXX\CompilerIdCXX.vcxproj" on node 1 (default targets).
PrepareForBuild:
  Creating directory "Debug\".
InitializeBuildStatus:
  Creating "Debug\CompilerIdCXX.unsuccessfulbuild" because "AlwaysCreate" was specified.
ClCompile:
  C:\Program Files (x86)\Microsoft Visual Studio 11.0\VC\bin\x86_amd64\CL.exe /c /nologo /W0 /WX- /Od /D _MBCS /Gm- /EHsc /RTC1 /MDd /GS /fp:precise /Zc:wchar_t /Zc:forScope /Fo"Debug\\" /Fd"Debug\vc110.pdb" /Gd /TP /errorReport:queue CMakeCXXCompilerId.cpp
  CMakeCXXCompilerId.cpp
Link:
  C:\Program Files (x86)\Microsoft Visual Studio 11.0\VC\bin\x86_amd64\link.exe /ERRORREPORT:QUEUE /OUT:".\CompilerIdCXX.exe" /INCREMENTAL:NO /NOLOGO kernel32.lib user32.lib gdi32.lib winspool.lib comdlg32.lib advapi32.lib shell32.lib ole32.lib oleaut32.lib uuid.lib odbc32.lib odbccp32.lib /MANIFEST /MANIFESTUAC:"level='asInvoker' uiAccess='false'" /manifest:embed /PDB:".\CompilerIdCXX.pdb" /SUBSYSTEM:CONSOLE /TLBID:1 /DYNAMICBASE /NXCOMPAT /IMPLIB:".\CompilerIdCXX.lib" /MACHINE:X64 Debug\CMakeCXXCompilerId.obj
  CompilerIdCXX.vcxproj -> C:\Users\amila\Downloads\sba-1.6\build\CMakeFiles\3.0.0\CompilerIdCXX\.\CompilerIdCXX.exe
PostBuildEvent:
  for %%i in (cl.exe) do @echo CMAKE_CXX_COMPILER=%%~$PATH:i
  :VCEnd
  CMAKE_CXX_COMPILER=C:\Program Files (x86)\Microsoft Visual Studio 11.0\VC\bin\x86_amd64\cl.exe
FinalizeBuildStatus:
  Deleting file "Debug\CompilerIdCXX.unsuccessfulbuild".
  Touching "Debug\CompilerIdCXX.lastbuildstate".
Done Building Project "C:\Users\amila\Downloads\sba-1.6\build\CMakeFiles\3.0.0\CompilerIdCXX\CompilerIdCXX.vcxproj" (default targets).

Build succeeded.
    0 Warning(s)
    0 Error(s)

Time Elapsed 00:00:00.51


Compilation of the CXX compiler identification source "CMakeCXXCompilerId.cpp" produced "CompilerIdCXX.exe"

Compilation of the CXX compiler identification source "CMakeCXXCompilerId.cpp" produced "CompilerIdCXX.vcxproj"

The CXX compiler identification is MSVC, found in "C:/Users/amila/Downloads/sba-1.6/build/CMakeFiles/3.0.0/CompilerIdCXX/CompilerIdCXX.exe"

Determining if the C compiler works passed with the following output:
Change Dir: C:/Users/amila/Downloads/sba-1.6/build/CMakeFiles/CMakeTmp

Run Build Command:"C:/Windows/Microsoft.NET/Framework/v4.0.30319/MSBuild.exe" "cmTryCompileExec2023297791.vcxproj" "/p:Configuration=Debug" "/p:VisualStudioVersion=11.0"
Microsoft (R) Build Engine version 4.0.30319.18408
[Microsoft .NET Framework, version 4.0.30319.18408]
Copyright (C) Microsoft Corporation. All rights reserved.

Build started 2/12/2015 2:17:47 PM.
Project "C:\Users\amila\Downloads\sba-1.6\build\CMakeFiles\CMakeTmp\cmTryCompileExec2023297791.vcxproj" on node 1 (default targets).
PrepareForBuild:
  Creating directory "cmTryCompileExec2023297791.dir\Debug\".
  Creating directory "C:\Users\amila\Downloads\sba-1.6\build\CMakeFiles\CMakeTmp\Debug\".
InitializeBuildStatus:
  Creating "cmTryCompileExec2023297791.dir\Debug\cmTryCompileExec2023297791.unsuccessfulbuild" because "AlwaysCreate" was specified.
ClCompile:
  C:\Program Files (x86)\Microsoft Visual Studio 11.0\VC\bin\x86_amd64\CL.exe /c /Zi /W3 /WX- /Od /Ob0 /D WIN32 /D _WINDOWS /D _DEBUG /D "CMAKE_INTDIR=\"Debug\"" /D _MBCS /Gm- /RTC1 /MDd /GS /fp:precise /Zc:wchar_t /Zc:forScope /Fo"cmTryCompileExec2023297791.dir\Debug\\" /Fd"cmTryCompileExec2023297791.dir\Debug\vc110.pdb" /Gd /TC /errorReport:queue testCCompiler.c
  Microsoft (R) C/C++ Optimizing Compiler Version 17.00.61030 for x64
  Copyright (C) Microsoft Corporation.  All rights reserved.
  
  cl /c /Zi /W3 /WX- /Od /Ob0 /D WIN32 /D _WINDOWS /D _DEBUG /D "CMAKE_INTDIR=\"Debug\"" /D _MBCS /Gm- /RTC1 /MDd /GS /fp:precise /Zc:wchar_t /Zc:forScope /Fo"cmTryCompileExec2023297791.dir\Debug\\" /Fd"cmTryCompileExec2023297791.dir\Debug\vc110.pdb" /Gd /TC /errorReport:queue testCCompiler.c
  
  testCCompiler.c
Link:
  C:\Program Files (x86)\Microsoft Visual Studio 11.0\VC\bin\x86_amd64\link.exe /ERRORREPORT:QUEUE /OUT:"C:\Users\amila\Downloads\sba-1.6\build\CMakeFiles\CMakeTmp\Debug\cmTryCompileExec2023297791.exe" /INCREMENTAL /NOLOGO kernel32.lib user32.lib gdi32.lib winspool.lib shell32.lib ole32.lib oleaut32.lib uuid.lib comdlg32.lib advapi32.lib /MANIFEST /MANIFESTUAC:"level='asInvoker' uiAccess='false'" /manifest:embed /DEBUG /PDB:"C:/Users/amila/Downloads/sba-1.6/build/CMakeFiles/CMakeTmp/Debug/cmTryCompileExec2023297791.pdb" /SUBSYSTEM:CONSOLE /TLBID:1 /DYNAMICBASE /NXCOMPAT /IMPLIB:"C:/Users/amila/Downloads/sba-1.6/build/CMakeFiles/CMakeTmp/Debug/cmTryCompileExec2023297791.lib" /MACHINE:X64  /machine:x64 /debug cmTryCompileExec2023297791.dir\Debug\testCCompiler.obj
  cmTryCompileExec2023297791.vcxproj -> C:\Users\amila\Downloads\sba-1.6\build\CMakeFiles\CMakeTmp\Debug\cmTryCompileExec2023297791.exe
FinalizeBuildStatus:
  Deleting file "cmTryCompileExec2023297791.dir\Debug\cmTryCompileExec2023297791.unsuccessfulbuild".
  Touching "cmTryCompileExec2023297791.dir\Debug\cmTryCompileExec2023297791.lastbuildstate".
Done Building Project "C:\Users\amila\Downloads\sba-1.6\build\CMakeFiles\CMakeTmp\cmTryCompileExec2023297791.vcxproj" (default targets).

Build succeeded.
    0 Warning(s)
    0 Error(s)

Time Elapsed 00:00:00.59


Detecting C compiler ABI info compiled with the following output:
Change Dir: C:/Users/amila/Downloads/sba-1.6/build/CMakeFiles/CMakeTmp

Run Build Command:"C:/Windows/Microsoft.NET/Framework/v4.0.30319/MSBuild.exe" "cmTryCompileExec4294207033.vcxproj" "/p:Configuration=Debug" "/p:VisualStudioVersion=11.0"
Microsoft (R) Build Engine version 4.0.30319.18408
[Microsoft .NET Framework, version 4.0.30319.18408]
Copyright (C) Microsoft Corporation. All rights reserved.

Build started 2/12/2015 2:17:48 PM.
Project "C:\Users\amila\Downloads\sba-1.6\build\CMakeFiles\CMakeTmp\cmTryCompileExec4294207033.vcxproj" on node 1 (default targets).
PrepareForBuild:
  Creating directory "cmTryCompileExec4294207033.dir\Debug\".
  Creating directory "C:\Users\amila\Downloads\sba-1.6\build\CMakeFiles\CMakeTmp\Debug\".
InitializeBuildStatus:
  Creating "cmTryCompileExec4294207033.dir\Debug\cmTryCompileExec4294207033.unsuccessfulbuild" because "AlwaysCreate" was specified.
ClCompile:
  C:\Program Files (x86)\Microsoft Visual Studio 11.0\VC\bin\x86_amd64\CL.exe /c /Zi /W3 /WX- /Od /Ob0 /D WIN32 /D _WINDOWS /D _DEBUG /D "CMAKE_INTDIR=\"Debug\"" /D _MBCS /Gm- /RTC1 /MDd /GS /fp:precise /Zc:wchar_t /Zc:forScope /Fo"cmTryCompileExec4294207033.dir\Debug\\" /Fd"cmTryCompileExec4294207033.dir\Debug\vc110.pdb" /Gd /TC /errorReport:queue "C:\Program Files (x86)\CMake\share\cmake-3.0\Modules\CMakeCCompilerABI.c"
  Microsoft (R) C/C++ Optimizing Compiler Version 17.00.61030 for x64
  Copyright (C) Microsoft Corporation.  All rights reserved.
  
  cl /c /Zi /W3 /WX- /Od /Ob0 /D WIN32 /D _WINDOWS /D _DEBUG /D "CMAKE_INTDIR=\"Debug\"" /D _MBCS /Gm- /RTC1 /MDd /GS /fp:precise /Zc:wchar_t /Zc:forScope /Fo"cmTryCompileExec4294207033.dir\Debug\\" /Fd"cmTryCompileExec4294207033.dir\Debug\vc110.pdb" /Gd /TC /errorReport:queue "C:\Program Files (x86)\CMake\share\cmake-3.0\Modules\CMakeCCompilerABI.c"
  
  CMakeCCompilerABI.c
Link:
  C:\Program Files (x86)\Microsoft Visual Studio 11.0\VC\bin\x86_amd64\link.exe /ERRORREPORT:QUEUE /OUT:"C:\Users\amila\Downloads\sba-1.6\build\CMakeFiles\CMakeTmp\Debug\cmTryCompileExec4294207033.exe" /INCREMENTAL /NOLOGO /MANIFEST /MANIFESTUAC:"level='asInvoker' uiAccess='false'" /manifest:embed /DEBUG /PDB:"C:/Users/amila/Downloads/sba-1.6/build/CMakeFiles/CMakeTmp/Debug/cmTryCompileExec4294207033.pdb" /SUBSYSTEM:CONSOLE /TLBID:1 /DYNAMICBASE /NXCOMPAT /IMPLIB:"C:/Users/amila/Downloads/sba-1.6/build/CMakeFiles/CMakeTmp/Debug/cmTryCompileExec4294207033.lib" /MACHINE:X64  /machine:x64 /debug cmTryCompileExec4294207033.dir\Debug\CMakeCCompilerABI.obj
  cmTryCompileExec4294207033.vcxproj -> C:\Users\amila\Downloads\sba-1.6\build\CMakeFiles\CMakeTmp\Debug\cmTryCompileExec4294207033.exe
FinalizeBuildStatus:
  Deleting file "cmTryCompileExec4294207033.dir\Debug\cmTryCompileExec4294207033.unsuccessfulbuild".
  Touching "cmTryCompileExec4294207033.dir\Debug\cmTryCompileExec4294207033.lastbuildstate".
Done Building Project "C:\Users\amila\Downloads\sba-1.6\build\CMakeFiles\CMakeTmp\cmTryCompileExec4294207033.vcxproj" (default targets).

Build succeeded.
    0 Warning(s)
    0 Error(s)

Time Elapsed 00:00:00.54


Determining if the CXX compiler works passed with the following output:
Change Dir: C:/Users/amila/Downloads/sba-1.6/build/CMakeFiles/CMakeTmp

Run Build Command:"C:/Windows/Microsoft.NET/Framework/v4.0.30319/MSBuild.exe" "cmTryCompileExec744297805.vcxproj" "/p:Configuration=Debug" "/p:VisualStudioVersion=11.0"
Microsoft (R) Build Engine version 4.0.30319.18408
[Microsoft .NET Framework, version 4.0.30319.18408]
Copyright (C) Microsoft Corporation. All rights reserved.

Build started 2/12/2015 2:17:49 PM.
Project "C:\Users\amila\Downloads\sba-1.6\build\CMakeFiles\CMakeTmp\cmTryCompileExec744297805.vcxproj" on node 1 (default targets).
PrepareForBuild:
  Creating directory "cmTryCompileExec744297805.dir\Debug\".
  Creating directory "C:\Users\amila\Downloads\sba-1.6\build\CMakeFiles\CMakeTmp\Debug\".
InitializeBuildStatus:
  Creating "cmTryCompileExec744297805.dir\Debug\cmTryCompileExec744297805.unsuccessfulbuild" because "AlwaysCreate" was specified.
ClCompile:
  C:\Program Files (x86)\Microsoft Visual Studio 11.0\VC\bin\x86_amd64\CL.exe /c /Zi /W3 /WX- /Od /Ob0 /D WIN32 /D _WINDOWS /D _DEBUG /D "CMAKE_INTDIR=\"Debug\"" /D _MBCS /Gm- /EHsc /RTC1 /MDd /GS /fp:precise /Zc:wchar_t /Zc:forScope /GR /Fo"cmTryCompileExec744297805.dir\Debug\\" /Fd"cmTryCompileExec744297805.dir\Debug\vc110.pdb" /Gd /TP /errorReport:queue testCXXCompiler.cxx
  Microsoft (R) C/C++ Optimizing Compiler Version 17.00.61030 for x64
  Copyright (C) Microsoft Corporation.  All rights reserved.
  
  cl /c /Zi /W3 /WX- /Od /Ob0 /D WIN32 /D _WINDOWS /D _DEBUG /D "CMAKE_INTDIR=\"Debug\"" /D _MBCS /Gm- /EHsc /RTC1 /MDd /GS /fp:precise /Zc:wchar_t /Zc:forScope /GR /Fo"cmTryCompileExec744297805.dir\Debug\\" /Fd"cmTryCompileExec744297805.dir\Debug\vc110.pdb" /Gd /TP /errorReport:queue testCXXCompiler.cxx
  
  testCXXCompiler.cxx
Link:
  C:\Program Files (x86)\Microsoft Visual Studio 11.0\VC\bin\x86_amd64\link.exe /ERRORREPORT:QUEUE /OUT:"C:\Users\amila\Downloads\sba-1.6\build\CMakeFiles\CMakeTmp\Debug\cmTryCompileExec744297805.exe" /INCREMENTAL /NOLOGO kernel32.lib user32.lib gdi32.lib winspool.lib shell32.lib ole32.lib oleaut32.lib uuid.lib comdlg32.lib advapi32.lib /MANIFEST /MANIFESTUAC:"level='asInvoker' uiAccess='false'" /manifest:embed /DEBUG /PDB:"C:/Users/amila/Downloads/sba-1.6/build/CMakeFiles/CMakeTmp/Debug/cmTryCompileExec744297805.pdb" /SUBSYSTEM:CONSOLE /TLBID:1 /DYNAMICBASE /NXCOMPAT /IMPLIB:"C:/Users/amila/Downloads/sba-1.6/build/CMakeFiles/CMakeTmp/Debug/cmTryCompileExec744297805.lib" /MACHINE:X64  /machine:x64 /debug cmTryCompileExec744297805.dir\Debug\testCXXCompiler.obj
  cmTryCompileExec744297805.vcxproj -> C:\Users\amila\Downloads\sba-1.6\build\CMakeFiles\CMakeTmp\Debug\cmTryCompileExec744297805.exe
FinalizeBuildStatus:
  Deleting file "cmTryCompileExec744297805.dir\Debug\cmTryCompileExec744297805.unsuccessfulbuild".
  Touching "cmTryCompileExec744297805.dir\Debug\cmTryCompileExec744297805.lastbuildstate".
Done Building Project "C:\Users\amila\Downloads\sba-1.6\build\CMakeFiles\CMakeTmp\cmTryCompileExec744297805.vcxproj" (default targets).

Build succeeded.
    0 Warning(s)
    0 Error(s)

Time Elapsed 00:00:00.59


Detecting CXX compiler ABI info compiled with the following output:
Change Dir: C:/Users/amila/Downloads/sba-1.6/build/CMakeFiles/CMakeTmp

Run Build Command:"C:/Windows/Microsoft.NET/Framework/v4.0.30319/MSBuild.exe" "cmTryCompileExec233605841.vcxproj" "/p:Configuration=Debug" "/p:VisualStudioVersion=11.0"
Microsoft (R) Build Engine version 4.0.30319.18408
[Microsoft .NET Framework, version 4.0.30319.18408]
Copyright (C) Microsoft Corporation. All rights reserved.

Build started 2/12/2015 2:17:50 PM.
Project "C:\Users\amila\Downloads\sba-1.6\build\CMakeFiles\CMakeTmp\cmTryCompileExec233605841.vcxproj" on node 1 (default targets).
PrepareForBuild:
  Creating directory "cmTryCompileExec233605841.dir\Debug\".
  Creating directory "C:\Users\amila\Downloads\sba-1.6\build\CMakeFiles\CMakeTmp\Debug\".
InitializeBuildStatus:
  Creating "cmTryCompileExec233605841.dir\Debug\cmTryCompileExec233605841.unsuccessfulbuild" because "AlwaysCreate" was specified.
ClCompile:
  C:\Program Files (x86)\Microsoft Visual Studio 11.0\VC\bin\x86_amd64\CL.exe /c /Zi /W3 /WX- /Od /Ob0 /D WIN32 /D _WINDOWS /D _DEBUG /D "CMAKE_INTDIR=\"Debug\"" /D _MBCS /Gm- /EHsc /RTC1 /MDd /GS /fp:precise /Zc:wchar_t /Zc:forScope /GR /Fo"cmTryCompileExec233605841.dir\Debug\\" /Fd"cmTryCompileExec233605841.dir\Debug\vc110.pdb" /Gd /TP /errorReport:queue "C:\Program Files (x86)\CMake\share\cmake-3.0\Modules\CMakeCXXCompilerABI.cpp"
  Microsoft (R) C/C++ Optimizing Compiler Version 17.00.61030 for x64
  Copyright (C) Microsoft Corporation.  All rights reserved.
  
  cl /c /Zi /W3 /WX- /Od /Ob0 /D WIN32 /D _WINDOWS /D _DEBUG /D "CMAKE_INTDIR=\"Debug\"" /D _MBCS /Gm- /EHsc /RTC1 /MDd /GS /fp:precise /Zc:wchar_t /Zc:forScope /GR /Fo"cmTryCompileExec233605841.dir\Debug\\" /Fd"cmTryCompileExec233605841.dir\Debug\vc110.pdb" /Gd /TP /errorReport:queue "C:\Program Files (x86)\CMake\share\cmake-3.0\Modules\CMakeCXXCompilerABI.cpp"
  
  CMakeCXXCompilerABI.cpp
Link:
  C:\Program Files (x86)\Microsoft Visual Studio 11.0\VC\bin\x86_amd64\link.exe /ERRORREPORT:QUEUE /OUT:"C:\Users\amila\Downloads\sba-1.6\build\CMakeFiles\CMakeTmp\Debug\cmTryCompileExec233605841.exe" /INCREMENTAL /NOLOGO /MANIFEST /MANIFESTUAC:"level='asInvoker' uiAccess='false'" /manifest:embed /DEBUG /PDB:"C:/Users/amila/Downloads/sba-1.6/build/CMakeFiles/CMakeTmp/Debug/cmTryCompileExec233605841.pdb" /SUBSYSTEM:CONSOLE /TLBID:1 /DYNAMICBASE /NXCOMPAT /IMPLIB:"C:/Users/amila/Downloads/sba-1.6/build/CMakeFiles/CMakeTmp/Debug/cmTryCompileExec233605841.lib" /MACHINE:X64  /machine:x64 /debug cmTryCompileExec233605841.dir\Debug\CMakeCXXCompilerABI.obj
  cmTryCompileExec233605841.vcxproj -> C:\Users\amila\Downloads\sba-1.6\build\CMakeFiles\CMakeTmp\Debug\cmTryCompileExec233605841.exe
FinalizeBuildStatus:
  Deleting file "cmTryCompileExec233605841.dir\Debug\cmTryCompileExec233605841.unsuccessfulbuild".
  Touching "cmTryCompileExec233605841.dir\Debug\cmTryCompileExec233605841.lastbuildstate".
Done Building Project "C:\Users\amila\Downloads\sba-1.6\build\CMakeFiles\CMakeTmp\cmTryCompileExec233605841.vcxproj" (default targets).

Build succeeded.
    0 Warning(s)
    0 Error(s)

Time Elapsed 00:00:00.71


